<?xml version="1.0" encoding="UTF-8"?>
<testsuite name="UrinalsTest" tests="1" skipped="0" failures="0" errors="0" timestamp="2022-10-27T20:30:31" hostname="LAPTOP-TURCB4O8" time="0.036">
  <properties/>
  <testcase name="CheckEmpty()" classname="UrinalsTest" time="0.036"/>
  <system-out><![CDATA[====== Tirthkumar Atulkumar Patel == TEST 1 EXECUTED
]]></system-out>
  <system-err><![CDATA[]]></system-err>
</testsuite>
